<?xml version="1.0" encoding="UTF-8"?>
<!-- Generated by org.testng.reporters.JUnitXMLReporter -->
<testsuite hostname="Lukes-MBP.fios-router.home" name="Surefire test" tests="2" failures="0" timestamp="28 Feb 2019 04:43:14 GMT" time="12.669" errors="0">
  <testcase name="googleCheeseExample" time="11.096" classname="com.masteringselenium.demo.BasicTestWD"/>
  <testcase name="googleMilkExample" time="11.478" classname="com.masteringselenium.demo.BasicTestWD"/>
</testsuite> <!-- Surefire test -->
