<?xml version="1.0" encoding="UTF-8"?>
<testng-results skipped="0" failed="0" total="2" passed="2">
  <reporter-output>
  </reporter-output>
  <suite name="Surefire suite" duration-ms="12669" started-at="2019-02-28T04:42:58Z" finished-at="2019-02-28T04:43:11Z">
    <groups>
    </groups>
    <test name="Surefire test" duration-ms="12669" started-at="2019-02-28T04:42:58Z" finished-at="2019-02-28T04:43:11Z">
      <class name="com.masteringselenium.demo.BasicTestWD">
        <test-method status="PASS" signature="instantiateDriverObject()[pri:0, instance:com.masteringselenium.demo.BasicTestWD@7c75222b]" name="instantiateDriverObject" is-config="true" duration-ms="10" started-at="2019-02-27T23:42:58Z" finished-at="2019-02-27T23:42:58Z">
          <reporter-output>
          </reporter-output>
        </test-method> <!-- instantiateDriverObject -->
        <test-method status="PASS" signature="googleCheeseExample()[pri:0, instance:com.masteringselenium.demo.BasicTestWD@7c75222b]" name="googleCheeseExample" duration-ms="11096" started-at="2019-02-27T23:42:58Z" finished-at="2019-02-27T23:43:09Z">
          <reporter-output>
          </reporter-output>
        </test-method> <!-- googleCheeseExample -->
        <test-method status="PASS" signature="googleMilkExample()[pri:0, instance:com.masteringselenium.demo.BasicTestWD@7c75222b]" name="googleMilkExample" duration-ms="11478" started-at="2019-02-27T23:42:58Z" finished-at="2019-02-27T23:43:10Z">
          <reporter-output>
          </reporter-output>
        </test-method> <!-- googleMilkExample -->
        <test-method status="PASS" signature="quitDriver()[pri:0, instance:com.masteringselenium.demo.BasicTestWD@7c75222b]" name="quitDriver" is-config="true" duration-ms="1164" started-at="2019-02-27T23:43:09Z" finished-at="2019-02-27T23:43:11Z">
          <reporter-output>
          </reporter-output>
        </test-method> <!-- quitDriver -->
        <test-method status="PASS" signature="quitDriver()[pri:0, instance:com.masteringselenium.demo.BasicTestWD@7c75222b]" name="quitDriver" is-config="true" duration-ms="1175" started-at="2019-02-27T23:43:10Z" finished-at="2019-02-27T23:43:11Z">
          <reporter-output>
          </reporter-output>
        </test-method> <!-- quitDriver -->
      </class> <!-- com.masteringselenium.demo.BasicTestWD -->
    </test> <!-- Surefire test -->
  </suite> <!-- Surefire suite -->
</testng-results>
